=== Reviewing PR #2163 ===
REVIEW_STARTED=2026-05-19T04:30:05Z

[Phase A] Gathering intelligence...
Intelligence gathering complete. Context file written to `/Users/cyrus/Desktop/automation/review-pr/tinyhumansai-openhuman/.context-PR-2163.md`.

**Summary**: PR #2163 is a clean, well-scoped test-only deflake. It rewrites two flaky async `factory_routes_*` tests in `action_tool.rs` to use synchronous direct calls to `create_composio_client(&Config)` instead of going through `tool.execute()` (which was subject to a parallel-test env-var race on `OPENHUMAN_WORKSPACE`). The new approach aligns perfectly with the 7 existing factory tests already in `client_tests.rs`. All 21 CI checks pass, CodeRabbit approved with no comments, single focused commit, net -44 lines. No production code touched.

[Phase B] Deep review + posting...
PR #2163: fresh, 0 critical, 0 major, 0 minor, 0 threads resolved, 0 still open → moved to to-be-approved
REVIEW_ENDED=2026-05-19T04:33:59Z

[Git] Committing and pushing review outputs...
[main 14a3916] Review PR #2163
 4 files changed, 30 insertions(+), 138 deletions(-)
 delete mode 100644 tinyhumansai-openhuman/PR-2054.md
 delete mode 100644 to-be-approved/PR-2061.md
 delete mode 100644 to-be-approved/PR-2064.md
 create mode 100644 to-be-approved/PR-2163.md
Current branch main is up to date.

=== Done ===
From github.com:graycyrus/automation-review-pr
 * branch            main       -> FETCH_HEAD
To github.com:graycyrus/automation-review-pr.git
   6af78f8..14a3916  main -> main
